# JRE version: OpenJDK Runtime Environment (8.0_76-b03) (build 1.8.0_76-release-b03)
# Java VM: OpenJDK 64-Bit Server VM (25.76-b03 mixed mode linux-amd64 compressed oops)
Heap:
 PSYoungGen      total 418304K, used 50244K [0x00000000e0000000, 0x0000000100000000, 0x0000000100000000)
  eden space 312320K, 0% used [0x00000000e0000000,0x00000000e0000000,0x00000000f3100000)
  from space 105984K, 47% used [0x00000000f3100000,0x00000000f62111d8,0x00000000f9880000)
  to   space 105984K, 0% used [0x00000000f9880000,0x00000000f9880000,0x0000000100000000)
 ParOldGen       total 803840K, used 803511K [0x00000000a0000000, 0x00000000d1100000, 0x00000000e0000000)
  object space 803840K, 99% used [0x00000000a0000000,0x00000000d10add08,0x00000000d1100000)
 Metaspace       used 91123K, capacity 95424K, committed 96512K, reserved 1132544K
  class space    used 11481K, capacity 12310K, committed 12544K, reserved 1048576K
GC Heap History (10 events):
Event: 5168.299 GC heap after
Heap after GC invocations=133 (full 22):
 PSYoungGen      total 400384K, used 0K [0x00000000e0000000, 0x00000000ffd80000, 0x0000000100000000)
  eden space 296448K, 0% used [0x00000000e0000000,0x00000000e0000000,0x00000000f2180000)
  from space 103936K, 0% used [0x00000000f2180000,0x00000000f2180000,0x00000000f8700000)
  to   space 99328K, 0% used [0x00000000f9c80000,0x00000000f9c80000,0x00000000ffd80000)
 ParOldGen       total 803840K, used 599931K [0x00000000a0000000, 0x00000000d1100000, 0x00000000e0000000)
  object space 803840K, 74% used [0x00000000a0000000,0x00000000c49deed8,0x00000000d1100000)
 Metaspace       used 91792K, capacity 96170K, committed 96512K, reserved 1132544K
  class space    used 11602K, capacity 12449K, committed 12544K, reserved 1048576K
}
Event: 5168.678 GC heap before
{Heap before GC invocations=134 (full 22):
 PSYoungGen      total 400384K, used 296448K [0x00000000e0000000, 0x00000000ffd80000, 0x0000000100000000)
  eden space 296448K, 100% used [0x00000000e0000000,0x00000000f2180000,0x00000000f2180000)
  from space 103936K, 0% used [0x00000000f2180000,0x00000000f2180000,0x00000000f8700000)
  to   space 99328K, 0% used [0x00000000f9c80000,0x00000000f9c80000,0x00000000ffd80000)
 ParOldGen       total 803840K, used 599931K [0x00000000a0000000, 0x00000000d1100000, 0x00000000e0000000)
  object space 803840K, 74% used [0x00000000a0000000,0x00000000c49deed8,0x00000000d1100000)
 Metaspace       used 91793K, capacity 96170K, committed 96512K, reserved 1132544K
  class space    used 11602K, capacity 12449K, committed 12544K, reserved 1048576K
Event: 5168.728 GC heap after
Heap after GC invocations=134 (full 22):
 PSYoungGen      total 413184K, used 51188K [0x00000000e0000000, 0x00000000ff680000, 0x0000000100000000)
  eden space 321024K, 0% used [0x00000000e0000000,0x00000000e0000000,0x00000000f3980000)
  from space 92160K, 55% used [0x00000000f9c80000,0x00000000fce7d220,0x00000000ff680000)
  to   space 96768K, 0% used [0x00000000f3980000,0x00000000f3980000,0x00000000f9800000)
 ParOldGen       total 803840K, used 599931K [0x00000000a0000000, 0x00000000d1100000, 0x00000000e0000000)
  object space 803840K, 74% used [0x00000000a0000000,0x00000000c49deed8,0x00000000d1100000)
 Metaspace       used 91793K, capacity 96170K, committed 96512K, reserved 1132544K
  class space    used 11602K, capacity 12449K, committed 12544K, reserved 1048576K
}
Event: 5169.312 GC heap before
{Heap before GC invocations=135 (full 22):
 PSYoungGen      total 413184K, used 372212K [0x00000000e0000000, 0x00000000ff680000, 0x0000000100000000)
  eden space 321024K, 100% used [0x00000000e0000000,0x00000000f3980000,0x00000000f3980000)
  from space 92160K, 55% used [0x00000000f9c80000,0x00000000fce7d220,0x00000000ff680000)
  to   space 96768K, 0% used [0x00000000f3980000,0x00000000f3980000,0x00000000f9800000)
 ParOldGen       total 803840K, used 599931K [0x00000000a0000000, 0x00000000d1100000, 0x00000000e0000000)
  object space 803840K, 74% used [0x00000000a0000000,0x00000000c49deed8,0x00000000d1100000)
 Metaspace       used 91793K, capacity 96170K, committed 96512K, reserved 1132544K
  class space    used 11602K, capacity 12449K, committed 12544K, reserved 1048576K
Event: 5170.204 GC heap after
Heap after GC invocations=135 (full 22):
 PSYoungGen      total 417792K, used 51588K [0x00000000e0000000, 0x00000000fff80000, 0x0000000100000000)
  eden space 321024K, 0% used [0x00000000e0000000,0x00000000e0000000,0x00000000f3980000)
  from space 96768K, 53% used [0x00000000f3980000,0x00000000f6be1338,0x00000000f9800000)
  to   space 94208K, 0% used [0x00000000fa380000,0x00000000fa380000,0x00000000fff80000)
 ParOldGen       total 803840K, used 641834K [0x00000000a0000000, 0x00000000d1100000, 0x00000000e0000000)
  object space 803840K, 79% used [0x00000000a0000000,0x00000000c72ca868,0x00000000d1100000)
 Metaspace       used 91793K, capacity 96170K, committed 96512K, reserved 1132544K
  class space    used 11602K, capacity 12449K, committed 12544K, reserved 1048576K
}
Event: 5171.356 GC heap before
{Heap before GC invocations=136 (full 22):
 PSYoungGen      total 417792K, used 372612K [0x00000000e0000000, 0x00000000fff80000, 0x0000000100000000)
  eden space 321024K, 100% used [0x00000000e0000000,0x00000000f3980000,0x00000000f3980000)
  from space 96768K, 53% used [0x00000000f3980000,0x00000000f6be1338,0x00000000f9800000)
  to   space 94208K, 0% used [0x00000000fa380000,0x00000000fa380000,0x00000000fff80000)
 ParOldGen       total 803840K, used 641834K [0x00000000a0000000, 0x00000000d1100000, 0x00000000e0000000)
  object space 803840K, 79% used [0x00000000a0000000,0x00000000c72ca868,0x00000000d1100000)
 Metaspace       used 91793K, capacity 96170K, committed 96512K, reserved 1132544K
  class space    used 11602K, capacity 12449K, committed 12544K, reserved 1048576K
Event: 5171.989 GC heap after
Heap after GC invocations=136 (full 22):
 PSYoungGen      total 406528K, used 89633K [0x00000000e0000000, 0x0000000100000000, 0x0000000100000000)
  eden space 312320K, 0% used [0x00000000e0000000,0x00000000e0000000,0x00000000f3100000)
  from space 94208K, 95% used [0x00000000fa380000,0x00000000ffb084f8,0x00000000fff80000)
  to   space 105984K, 0% used [0x00000000f3100000,0x00000000f3100000,0x00000000f9880000)
 ParOldGen       total 803840K, used 690679K [0x00000000a0000000, 0x00000000d1100000, 0x00000000e0000000)
  object space 803840K, 85% used [0x00000000a0000000,0x00000000ca27ded8,0x00000000d1100000)
 Metaspace       used 91793K, capacity 96170K, committed 96512K, reserved 1132544K
  class space    used 11602K, capacity 12449K, committed 12544K, reserved 1048576K
}
Event: 5172.312 GC heap before
{Heap before GC invocations=137 (full 22):
 PSYoungGen      total 406528K, used 401953K [0x00000000e0000000, 0x0000000100000000, 0x0000000100000000)
  eden space 312320K, 100% used [0x00000000e0000000,0x00000000f3100000,0x00000000f3100000)
  from space 94208K, 95% used [0x00000000fa380000,0x00000000ffb084f8,0x00000000fff80000)
  to   space 105984K, 0% used [0x00000000f3100000,0x00000000f3100000,0x00000000f9880000)
 ParOldGen       total 803840K, used 690679K [0x00000000a0000000, 0x00000000d1100000, 0x00000000e0000000)
  object space 803840K, 85% used [0x00000000a0000000,0x00000000ca27ded8,0x00000000d1100000)
 Metaspace       used 91793K, capacity 96170K, committed 96512K, reserved 1132544K
  class space    used 11602K, capacity 12449K, committed 12544K, reserved 1048576K
Event: 5173.463 GC heap after
Heap after GC invocations=137 (full 22):
 PSYoungGen      total 418304K, used 105969K [0x00000000e0000000, 0x0000000100000000, 0x0000000100000000)
  eden space 312320K, 0% used [0x00000000e0000000,0x00000000e0000000,0x00000000f3100000)
  from space 105984K, 99% used [0x00000000f3100000,0x00000000f987c700,0x00000000f9880000)
  to   space 105984K, 0% used [0x00000000f9880000,0x00000000f9880000,0x0000000100000000)
 ParOldGen       total 803840K, used 754164K [0x00000000a0000000, 0x00000000d1100000, 0x00000000e0000000)
  object space 803840K, 93% used [0x00000000a0000000,0x00000000ce07d0b8,0x00000000d1100000)
 Metaspace       used 91793K, capacity 96170K, committed 96512K, reserved 1132544K
  class space    used 11602K, capacity 12449K, committed 12544K, reserved 1048576K
}
Event: 5173.464 GC heap before
{Heap before GC invocations=138 (full 23):
 PSYoungGen      total 418304K, used 105969K [0x00000000e0000000, 0x0000000100000000, 0x0000000100000000)
  eden space 312320K, 0% used [0x00000000e0000000,0x00000000e0000000,0x00000000f3100000)
  from space 105984K, 99% used [0x00000000f3100000,0x00000000f987c700,0x00000000f9880000)
  to   space 105984K, 0% used [0x00000000f9880000,0x00000000f9880000,0x0000000100000000)
 ParOldGen       total 803840K, used 754164K [0x00000000a0000000, 0x00000000d1100000, 0x00000000e0000000)
  object space 803840K, 93% used [0x00000000a0000000,0x00000000ce07d0b8,0x00000000d1100000)
 Metaspace       used 91793K, capacity 96170K, committed 96512K, reserved 1132544K
  class space    used 11602K, capacity 12449K, committed 12544K, reserved 1048576K

